<?xml version="1.0" encoding="utf-8" standalone="yes"?>
<Gesture Name = "Test">
	<Stroke>
		<Point X = "679.8387" Y = "-920.3226" T = "0" Pressure = "0" />
		<Point X = "679.8387" Y = "-920.3226" T = "0" Pressure = "0" />
		<Point X = "679.8387" Y = "-920.3226" T = "0" Pressure = "0" />
		<Point X = "679.8387" Y = "-920.3226" T = "0" Pressure = "0" />
		<Point X = "688.5484" Y = "-917.4194" T = "0" Pressure = "0" />
		<Point X = "694.3549" Y = "-911.6129" T = "0" Pressure = "0" />
		<Point X = "700.1613" Y = "-894.1936" T = "0" Pressure = "0" />
		<Point X = "717.5807" Y = "-862.2581" T = "0" Pressure = "0" />
		<Point X = "737.9033" Y = "-821.6129" T = "0" Pressure = "0" />
		<Point X = "766.9355" Y = "-763.5484" T = "0" Pressure = "0" />
		<Point X = "798.871" Y = "-696.7742" T = "0" Pressure = "0" />
		<Point X = "816.2903" Y = "-659.0323" T = "0" Pressure = "0" />
		<Point X = "822.0968" Y = "-644.5162" T = "0" Pressure = "0" />
		<Point X = "825" Y = "-621.2903" T = "0" Pressure = "0" />
		<Point X = "839.5162" Y = "-592.2581" T = "0" Pressure = "0" />
		<Point X = "851.129" Y = "-557.4194" T = "0" Pressure = "0" />
		<Point X = "859.8387" Y = "-531.2903" T = "0" Pressure = "0" />
		<Point X = "868.5484" Y = "-508.0645" T = "0" Pressure = "0" />
		<Point X = "874.3549" Y = "-496.4516" T = "0" Pressure = "0" />
		<Point X = "877.2581" Y = "-487.7419" T = "0" Pressure = "0" />
		<Point X = "880.1613" Y = "-479.0323" T = "0" Pressure = "0" />
		<Point X = "880.1613" Y = "-476.1291" T = "0" Pressure = "0" />
		<Point X = "880.1613" Y = "-473.2258" T = "0" Pressure = "0" />
		<Point X = "880.1613" Y = "-470.3226" T = "0" Pressure = "0" />
		<Point X = "883.0645" Y = "-470.3226" T = "0" Pressure = "0" />
		<Point X = "883.0645" Y = "-467.4194" T = "0" Pressure = "0" />
		<Point X = "883.0645" Y = "-464.5161" T = "0" Pressure = "0" />
		<Point X = "883.0645" Y = "-464.5161" T = "0" Pressure = "0" />
		<Point X = "883.0645" Y = "-464.5161" T = "0" Pressure = "0" />
		<Point X = "883.0645" Y = "-464.5161" T = "0" Pressure = "0" />
		<Point X = "883.0645" Y = "-464.5161" T = "0" Pressure = "0" />
		<Point X = "888.871" Y = "-470.3226" T = "0" Pressure = "0" />
		<Point X = "891.7742" Y = "-481.9355" T = "0" Pressure = "0" />
		<Point X = "912.0968" Y = "-522.5807" T = "0" Pressure = "0" />
		<Point X = "917.9033" Y = "-534.1935" T = "0" Pressure = "0" />
		<Point X = "932.4194" Y = "-557.4194" T = "0" Pressure = "0" />
		<Point X = "941.129" Y = "-580.6452" T = "0" Pressure = "0" />
		<Point X = "958.5484" Y = "-603.871" T = "0" Pressure = "0" />
		<Point X = "967.2581" Y = "-630" T = "0" Pressure = "0" />
		<Point X = "984.6774" Y = "-664.8387" T = "0" Pressure = "0" />
		<Point X = "1013.71" Y = "-711.2903" T = "0" Pressure = "0" />
		<Point X = "1036.936" Y = "-760.6452" T = "0" Pressure = "0" />
		<Point X = "1057.258" Y = "-789.6774" T = "0" Pressure = "0" />
		<Point X = "1074.677" Y = "-818.7097" T = "0" Pressure = "0" />
		<Point X = "1083.387" Y = "-841.9355" T = "0" Pressure = "0" />
		<Point X = "1092.097" Y = "-862.2581" T = "0" Pressure = "0" />
		<Point X = "1100.806" Y = "-879.6774" T = "0" Pressure = "0" />
		<Point X = "1109.516" Y = "-897.0968" T = "0" Pressure = "0" />
		<Point X = "1109.516" Y = "-900" T = "0" Pressure = "0" />
		<Point X = "1115.323" Y = "-908.7097" T = "0" Pressure = "0" />
		<Point X = "1115.323" Y = "-908.7097" T = "0" Pressure = "0" />
		<Point X = "1118.226" Y = "-917.4194" T = "0" Pressure = "0" />
		<Point X = "1121.129" Y = "-929.0323" T = "0" Pressure = "0" />
		<Point X = "1121.129" Y = "-929.0323" T = "0" Pressure = "0" />
		<Point X = "1121.129" Y = "-937.7419" T = "0" Pressure = "0" />
		<Point X = "1121.129" Y = "-937.7419" T = "0" Pressure = "0" />
		<Point X = "1121.129" Y = "-937.7419" T = "0" Pressure = "0" />
		<Point X = "1121.129" Y = "-937.7419" T = "0" Pressure = "0" />
		<Point X = "1121.129" Y = "-937.7419" T = "0" Pressure = "0" />
		<Point X = "1121.129" Y = "-937.7419" T = "0" Pressure = "0" />
		<Point X = "1121.129" Y = "-937.7419" T = "0" Pressure = "0" />
		<Point X = "1121.129" Y = "-937.7419" T = "0" Pressure = "0" />
		<Point X = "1118.226" Y = "-937.7419" T = "0" Pressure = "0" />
		<Point X = "1106.613" Y = "-937.7419" T = "0" Pressure = "0" />
		<Point X = "1095" Y = "-937.7419" T = "0" Pressure = "0" />
		<Point X = "1077.581" Y = "-937.7419" T = "0" Pressure = "0" />
		<Point X = "1051.452" Y = "-937.7419" T = "0" Pressure = "0" />
		<Point X = "1005" Y = "-934.8387" T = "0" Pressure = "0" />
		<Point X = "978.871" Y = "-934.8387" T = "0" Pressure = "0" />
		<Point X = "958.5484" Y = "-934.8387" T = "0" Pressure = "0" />
		<Point X = "949.8387" Y = "-934.8387" T = "0" Pressure = "0" />
		<Point X = "926.6129" Y = "-934.8387" T = "0" Pressure = "0" />
		<Point X = "909.1935" Y = "-934.8387" T = "0" Pressure = "0" />
		<Point X = "891.7742" Y = "-934.8387" T = "0" Pressure = "0" />
		<Point X = "874.3549" Y = "-934.8387" T = "0" Pressure = "0" />
		<Point X = "859.8387" Y = "-937.7419" T = "0" Pressure = "0" />
		<Point X = "851.129" Y = "-937.7419" T = "0" Pressure = "0" />
		<Point X = "839.5162" Y = "-937.7419" T = "0" Pressure = "0" />
		<Point X = "827.9033" Y = "-937.7419" T = "0" Pressure = "0" />
		<Point X = "822.0968" Y = "-937.7419" T = "0" Pressure = "0" />
		<Point X = "813.3871" Y = "-937.7419" T = "0" Pressure = "0" />
		<Point X = "807.5807" Y = "-937.7419" T = "0" Pressure = "0" />
		<Point X = "798.871" Y = "-937.7419" T = "0" Pressure = "0" />
		<Point X = "787.2581" Y = "-937.7419" T = "0" Pressure = "0" />
		<Point X = "766.9355" Y = "-937.7419" T = "0" Pressure = "0" />
		<Point X = "746.6129" Y = "-937.7419" T = "0" Pressure = "0" />
		<Point X = "735" Y = "-937.7419" T = "0" Pressure = "0" />
		<Point X = "735" Y = "-937.7419" T = "0" Pressure = "0" />
		<Point X = "729.1935" Y = "-937.7419" T = "0" Pressure = "0" />
		<Point X = "726.2903" Y = "-937.7419" T = "0" Pressure = "0" />
		<Point X = "726.2903" Y = "-937.7419" T = "0" Pressure = "0" />
		<Point X = "723.3871" Y = "-937.7419" T = "0" Pressure = "0" />
		<Point X = "723.3871" Y = "-937.7419" T = "0" Pressure = "0" />
		<Point X = "723.3871" Y = "-937.7419" T = "0" Pressure = "0" />
		<Point X = "720.4839" Y = "-937.7419" T = "0" Pressure = "0" />
		<Point X = "714.6774" Y = "-937.7419" T = "0" Pressure = "0" />
		<Point X = "708.871" Y = "-937.7419" T = "0" Pressure = "0" />
		<Point X = "703.0645" Y = "-934.8387" T = "0" Pressure = "0" />
		<Point X = "700.1613" Y = "-934.8387" T = "0" Pressure = "0" />
		<Point X = "700.1613" Y = "-934.8387" T = "0" Pressure = "0" />
		<Point X = "697.2581" Y = "-934.8387" T = "0" Pressure = "0" />
		<Point X = "694.3549" Y = "-934.8387" T = "0" Pressure = "0" />
		<Point X = "691.4517" Y = "-934.8387" T = "0" Pressure = "0" />
		<Point X = "688.5484" Y = "-931.9355" T = "0" Pressure = "0" />
		<Point X = "685.6452" Y = "-931.9355" T = "0" Pressure = "0" />
		<Point X = "685.6452" Y = "-931.9355" T = "0" Pressure = "0" />
		<Point X = "685.6452" Y = "-931.9355" T = "0" Pressure = "0" />
		<Point X = "685.6452" Y = "-931.9355" T = "0" Pressure = "0" />
		<Point X = "685.6452" Y = "-931.9355" T = "0" Pressure = "0" />
		<Point X = "685.6452" Y = "-931.9355" T = "0" Pressure = "0" />
		<Point X = "685.6452" Y = "-931.9355" T = "0" Pressure = "0" />
		<Point X = "685.6452" Y = "-931.9355" T = "0" Pressure = "0" />
		<Point X = "682.7419" Y = "-931.9355" T = "0" Pressure = "0" />
		<Point X = "679.8387" Y = "-931.9355" T = "0" Pressure = "0" />
		<Point X = "676.9355" Y = "-931.9355" T = "0" Pressure = "0" />
		<Point X = "674.0323" Y = "-931.9355" T = "0" Pressure = "0" />
		<Point X = "671.129" Y = "-931.9355" T = "0" Pressure = "0" />
		<Point X = "671.129" Y = "-931.9355" T = "0" Pressure = "0" />
		<Point X = "671.129" Y = "-931.9355" T = "0" Pressure = "0" />
		<Point X = "671.129" Y = "-931.9355" T = "0" Pressure = "0" />
		<Point X = "671.129" Y = "-931.9355" T = "0" Pressure = "0" />
		<Point X = "671.129" Y = "-931.9355" T = "0" Pressure = "0" />
		<Point X = "671.129" Y = "-931.9355" T = "0" Pressure = "0" />
		<Point X = "671.129" Y = "-929.0323" T = "0" Pressure = "0" />
		<Point X = "671.129" Y = "-929.0323" T = "0" Pressure = "0" />
	</Stroke>
	<Stroke>
		<Point X = "1797.581" Y = "-917.4194" T = "0" Pressure = "0" />
	</Stroke>
	<Stroke>
		<Point X = "1893.387" Y = "-920.3226" T = "0" Pressure = "0" />
		<Point X = "1893.387" Y = "-920.3226" T = "0" Pressure = "0" />
		<Point X = "1893.387" Y = "-920.3226" T = "0" Pressure = "0" />
		<Point X = "1893.387" Y = "-920.3226" T = "0" Pressure = "0" />
		<Point X = "1893.387" Y = "-920.3226" T = "0" Pressure = "0" />
		<Point X = "1893.387" Y = "-920.3226" T = "0" Pressure = "0" />
		<Point X = "1893.387" Y = "-920.3226" T = "0" Pressure = "0" />
		<Point X = "1893.387" Y = "-920.3226" T = "0" Pressure = "0" />
	</Stroke>
</Gesture>
